0 info it worked if it ends with ok
1 verbose cli [ '/Users/walker/.nvm/versions/node/v6.10.1/bin/node',
1 verbose cli   '/Users/walker/.nvm/versions/node/v6.10.1/bin/npm',
1 verbose cli   'run',
1 verbose cli   'deploy' ]
2 info using npm@3.10.10
3 info using node@v6.10.1
4 verbose run-script [ 'predeploy', 'deploy', 'postdeploy' ]
5 info lifecycle hello-world@1.0.0~predeploy: hello-world@1.0.0
6 silly lifecycle hello-world@1.0.0~predeploy: no script for predeploy, continuing
7 info lifecycle hello-world@1.0.0~deploy: hello-world@1.0.0
8 verbose lifecycle hello-world@1.0.0~deploy: unsafe-perm in lifecycle true
9 verbose lifecycle hello-world@1.0.0~deploy: PATH: /Users/walker/.nvm/versions/node/v6.10.1/lib/node_modules/npm/bin/node-gyp-bin:/Users/walker/Desktop/unlimited/functions/hello-world/node_modules/.bin:/Users/walker/.nvm/versions/node/v6.10.1/bin:/usr/local/sbin:/Users/walker/google-cloud-sdk/bin:/opt/local/bin:/opt/local/sbin:/Users/walker/.rbenv/shims:/Library/Frameworks/Python.framework/Versions/3.6/bin:/Users/walker/.rvm/gems/ruby-2.4.0/bin:/Users/walker/.rvm/gems/ruby-2.4.0@global/bin:/Users/walker/.rvm/rubies/ruby-2.4.0/bin:/usr/local/bin:/usr/bin:/bin:/usr/sbin:/sbin:/Applications/Postgres.app/Contents/Versions/latest/bin:/Users/walker/.rvm/bin
10 verbose lifecycle hello-world@1.0.0~deploy: CWD: /Users/walker/Desktop/unlimited/functions/hello-world
11 silly lifecycle hello-world@1.0.0~deploy: Args: [ '-c',
11 silly lifecycle   'npm run push && gcloud beta functions deploy $npm_package_config_name --source-url $npm_package_config_repo --source-path /$npm_package_config_path --trigger-http' ]
12 silly lifecycle hello-world@1.0.0~deploy: Returned: code: 1  signal: null
13 info lifecycle hello-world@1.0.0~deploy: Failed to exec deploy script
14 verbose stack Error: hello-world@1.0.0 deploy: `npm run push && gcloud beta functions deploy $npm_package_config_name --source-url $npm_package_config_repo --source-path /$npm_package_config_path --trigger-http`
14 verbose stack Exit status 1
14 verbose stack     at EventEmitter.<anonymous> (/Users/walker/.nvm/versions/node/v6.10.1/lib/node_modules/npm/lib/utils/lifecycle.js:255:16)
14 verbose stack     at emitTwo (events.js:106:13)
14 verbose stack     at EventEmitter.emit (events.js:191:7)
14 verbose stack     at ChildProcess.<anonymous> (/Users/walker/.nvm/versions/node/v6.10.1/lib/node_modules/npm/lib/utils/spawn.js:40:14)
14 verbose stack     at emitTwo (events.js:106:13)
14 verbose stack     at ChildProcess.emit (events.js:191:7)
14 verbose stack     at maybeClose (internal/child_process.js:886:16)
14 verbose stack     at Process.ChildProcess._handle.onexit (internal/child_process.js:226:5)
15 verbose pkgid hello-world@1.0.0
16 verbose cwd /Users/walker/Desktop/unlimited/functions/hello-world
17 error Darwin 16.7.0
18 error argv "/Users/walker/.nvm/versions/node/v6.10.1/bin/node" "/Users/walker/.nvm/versions/node/v6.10.1/bin/npm" "run" "deploy"
19 error node v6.10.1
20 error npm  v3.10.10
21 error code ELIFECYCLE
22 error hello-world@1.0.0 deploy: `npm run push && gcloud beta functions deploy $npm_package_config_name --source-url $npm_package_config_repo --source-path /$npm_package_config_path --trigger-http`
22 error Exit status 1
23 error Failed at the hello-world@1.0.0 deploy script 'npm run push && gcloud beta functions deploy $npm_package_config_name --source-url $npm_package_config_repo --source-path /$npm_package_config_path --trigger-http'.
23 error Make sure you have the latest version of node.js and npm installed.
23 error If you do, this is most likely a problem with the hello-world package,
23 error not with npm itself.
23 error Tell the author that this fails on your system:
23 error     npm run push && gcloud beta functions deploy $npm_package_config_name --source-url $npm_package_config_repo --source-path /$npm_package_config_path --trigger-http
23 error You can get information on how to open an issue for this project with:
23 error     npm bugs hello-world
23 error Or if that isn't available, you can get their info via:
23 error     npm owner ls hello-world
23 error There is likely additional logging output above.
24 verbose exit [ 1, true ]
